2025-09-05 09:10:11,075 - INFO - ============================================================
2025-09-05 09:10:11,075 - INFO - INICIANDO PROCESADOR DE REGISTROS RETRIBUTIVOS
2025-09-05 09:10:11,075 - INFO - ============================================================
2025-09-05 09:10:11,076 - INFO - Buscando archivos Excel...
2025-09-05 09:10:11,076 - INFO - Archivos Excel encontrados: 1
2025-09-05 09:10:11,077 - INFO -   - DATOS registro retributivo.xlsx
2025-09-05 09:10:11,077 - INFO - Procesando archivo 1/1: DATOS registro retributivo.xlsx
2025-09-05 09:10:11,077 - INFO - INICIANDO: DATOS registro retributivo.xlsx
2025-09-05 09:10:11,077 - INFO - Procesando archivo: DATOS registro retributivo.xlsx
2025-09-05 09:10:11,411 - INFO - Hojas disponibles: ['PRESENTACIÓN', 'BASE GENERAL', 'CESES', 'PERMISOS CONCILIACIÓN', 'EXCEDENCIAS', 'SUSPENSIONES', 'TURNOS', 'COMPLEMENTOS SALARIALES', 'COMPLEMENTOS EXTRASALARIALES', 'Datos de formación del PIO']
2025-09-05 09:10:17,533 - INFO - Datos cargados: 16405 filas x 268 columnas
2025-09-05 09:10:17,552 - INFO - Eliminadas 2 columnas anteriores a 'Reg.': ['Unnamed: 0', 'Unnamed: 1']
2025-09-05 09:10:17,552 - INFO - Cargando configuración de complementos...
2025-09-05 09:10:17,630 - INFO - Procesando COMPLEMENTOS SALARIALES...
2025-09-05 09:10:17,637 - INFO - Complementos salariales configurados: 100
2025-09-05 09:10:17,702 - INFO - Procesando COMPLEMENTOS EXTRASALARIALES...
2025-09-05 09:10:17,704 - INFO - Complementos extrasalariales configurados: 27
2025-09-05 09:10:17,704 - INFO - Total complementos configurados: 127
2025-09-05 09:10:17,708 - INFO - Filtrado por último dato con 'Orden': 16405 → 150 registros
2025-09-05 09:10:17,708 - INFO - ✓ meses_trabajados: ¿Cuántos meses ha trabajado?
2025-09-05 09:10:17,709 - INFO - ✓ coef_tp: % de jornada
2025-09-05 09:10:17,709 - INFO - ✓ salario_base_efectivo: Salario base anual efectivo
2025-09-05 09:10:17,709 - INFO - ✓ complementos_salariales_efectivo: Compltos Salariales efectivo
2025-09-05 09:10:17,709 - INFO - ✓ complementos_extrasalariales_efectivo: Compltos Extrasalariales efectivo
2025-09-05 09:10:17,709 - INFO - Iniciando cálculos de equiparación...
2025-09-05 09:10:17,717 - INFO - SB efectivo promedio: 18916.67
2025-09-05 09:10:17,717 - INFO - SB equiparado promedio: 22309.58
2025-09-05 09:10:17,717 - INFO - Procesando complementos individuales...
2025-09-05 09:10:17,717 - INFO - Columnas PS encontradas: 100
2025-09-05 09:10:17,717 - INFO - Columnas PE encontradas: 27
2025-09-05 09:10:17,719 - INFO - Saltando PS1: No procesable
2025-09-05 09:10:17,719 - INFO - Procesando PS2: 119 registros (N:True, A:True)
2025-09-05 09:10:17,723 - INFO -   PS2 - Efectivo: 3452.59, Equiparado: 3035.52
2025-09-05 09:10:17,724 - INFO - Procesando PS3: 33 registros (N:True, A:True)
2025-09-05 09:10:17,729 - INFO -   PS3 - Efectivo: 3986.67, Equiparado: 907.35
2025-09-05 09:10:17,730 - INFO - Procesando PS4: 144 registros (N:True, A:True)
2025-09-05 09:10:17,736 - INFO -   PS4 - Efectivo: 1877.27, Equiparado: 2148.74
2025-09-05 09:10:17,736 - INFO - Procesando PS5: 144 registros (N:True, A:True)
2025-09-05 09:10:17,742 - INFO -   PS5 - Efectivo: 1874.43, Equiparado: 2146.02
2025-09-05 09:10:17,742 - INFO - Saltando PS6: No procesable
2025-09-05 09:10:17,742 - INFO - Saltando PS7: No procesable
2025-09-05 09:10:17,742 - INFO - Saltando PS8: No procesable
2025-09-05 09:10:17,742 - INFO - Saltando PS9: No procesable
2025-09-05 09:10:17,742 - INFO - Saltando PS10: No procesable
2025-09-05 09:10:17,743 - INFO - Procesando PS11: 41 registros (N:True, A:True)
2025-09-05 09:10:17,747 - INFO -   PS11 - Efectivo: 866.31, Equiparado: 254.86
2025-09-05 09:10:17,747 - INFO - Saltando PS12: No procesable
2025-09-05 09:10:17,748 - INFO - Saltando PS13: No procesable
2025-09-05 09:10:17,748 - INFO - Saltando PS15: No procesable
2025-09-05 09:10:17,748 - INFO - Saltando PS16: No procesable
2025-09-05 09:10:17,748 - INFO - Saltando PS17: No procesable
2025-09-05 09:10:17,748 - INFO - Saltando PS18: No procesable
2025-09-05 09:10:17,748 - INFO - Saltando PS19: No procesable
2025-09-05 09:10:17,748 - INFO - Saltando PS20: No procesable
2025-09-05 09:10:17,749 - INFO - Saltando PS21: No procesable
2025-09-05 09:10:17,749 - INFO - Saltando PS22: No procesable
2025-09-05 09:10:17,749 - INFO - Saltando PS23: No procesable
2025-09-05 09:10:17,749 - INFO - Saltando PS24: No procesable
2025-09-05 09:10:17,749 - INFO - Saltando PS25: No procesable
2025-09-05 09:10:17,749 - INFO - Saltando PS26: No procesable
2025-09-05 09:10:17,749 - INFO - Saltando PS27: No procesable
2025-09-05 09:10:17,749 - INFO - Saltando PS28: No procesable
2025-09-05 09:10:17,749 - INFO - Saltando PS29: No procesable
2025-09-05 09:10:17,749 - INFO - Saltando PS30: No procesable
2025-09-05 09:10:17,749 - INFO - Saltando PS31: No procesable
2025-09-05 09:10:17,749 - INFO - Saltando PS32: No procesable
2025-09-05 09:10:17,749 - INFO - Saltando PS33: No procesable
2025-09-05 09:10:17,749 - INFO - Saltando PS34: No procesable
2025-09-05 09:10:17,749 - INFO - Saltando PS35: No procesable
2025-09-05 09:10:17,751 - INFO - Procesando PS36: 6 registros (N:True, A:True)
2025-09-05 09:10:17,756 - INFO -   PS36 - Efectivo: 3715.91, Equiparado: 148.64
2025-09-05 09:10:17,756 - INFO - Saltando PS37: No procesable
2025-09-05 09:10:17,756 - INFO - Saltando PS38: No procesable
2025-09-05 09:10:17,757 - INFO - Saltando PS39: No procesable
2025-09-05 09:10:17,757 - INFO - Saltando PS40: No procesable
2025-09-05 09:10:17,757 - INFO - Saltando PS41: No procesable
2025-09-05 09:10:17,757 - INFO - Saltando PS42: No procesable
2025-09-05 09:10:17,757 - INFO - Saltando PS43: No procesable
2025-09-05 09:10:17,757 - INFO - Procesando PS44: 24 registros (N:True, A:True)
2025-09-05 09:10:17,762 - INFO -   PS44 - Efectivo: 580.42, Equiparado: 103.44
2025-09-05 09:10:17,763 - INFO - Procesando PS45: 22 registros (N:True, A:True)
2025-09-05 09:10:17,768 - INFO -   PS45 - Efectivo: 7045.61, Equiparado: 1267.08
2025-09-05 09:10:17,768 - INFO - Procesando PS46: 3 registros (N:True, A:True)
2025-09-05 09:10:17,773 - INFO -   PS46 - Efectivo: 3127.25, Equiparado: 72.47
2025-09-05 09:10:17,773 - INFO - Procesando PS47: 39 registros (N:True, A:True)
2025-09-05 09:10:17,778 - INFO -   PS47 - Efectivo: 1326.13, Equiparado: 425.71
2025-09-05 09:10:17,778 - INFO - Saltando PS48: No procesable
2025-09-05 09:10:17,779 - INFO - Saltando PS49: No procesable
2025-09-05 09:10:17,779 - INFO - Saltando PS50: No procesable
2025-09-05 09:10:17,779 - INFO - Saltando PS51: No procesable
2025-09-05 09:10:17,779 - INFO - Saltando PS52: No procesable
2025-09-05 09:10:17,779 - INFO - Saltando PS53: No procesable
2025-09-05 09:10:17,779 - INFO - Saltando PS54: No procesable
2025-09-05 09:10:17,779 - INFO - Saltando PS55: No procesable
2025-09-05 09:10:17,779 - INFO - Saltando PS56: No procesable
2025-09-05 09:10:17,779 - INFO - Saltando PS57: No procesable
2025-09-05 09:10:17,779 - INFO - Saltando PS58: No procesable
2025-09-05 09:10:17,780 - INFO - Saltando PS59: No procesable
2025-09-05 09:10:17,780 - INFO - Saltando PS60: No procesable
2025-09-05 09:10:17,780 - INFO - Saltando PS61: No procesable
2025-09-05 09:10:17,780 - INFO - Saltando PS62: No procesable
2025-09-05 09:10:17,780 - INFO - Saltando PS63: No procesable
2025-09-05 09:10:17,780 - INFO - Saltando PS64: No procesable
2025-09-05 09:10:17,780 - INFO - Saltando PS65: No procesable
2025-09-05 09:10:17,780 - INFO - Saltando PS66: No procesable
2025-09-05 09:10:17,780 - INFO - Saltando PS67: No procesable
2025-09-05 09:10:17,780 - INFO - Saltando PS68: No procesable
2025-09-05 09:10:17,780 - INFO - Saltando PS69: No procesable
2025-09-05 09:10:17,780 - INFO - Saltando PS70: No procesable
2025-09-05 09:10:17,780 - INFO - Saltando PS71: No procesable
2025-09-05 09:10:17,780 - INFO - Saltando PS72: No procesable
2025-09-05 09:10:17,780 - INFO - Saltando PS73: No procesable
2025-09-05 09:10:17,780 - INFO - Saltando PS74: No procesable
2025-09-05 09:10:17,780 - INFO - Saltando PS75: No procesable
2025-09-05 09:10:17,781 - INFO - Saltando PS76: No procesable
2025-09-05 09:10:17,781 - INFO - Saltando PS77: No procesable
2025-09-05 09:10:17,781 - INFO - Saltando PS78: No procesable
2025-09-05 09:10:17,781 - INFO - Saltando PS79: No procesable
2025-09-05 09:10:17,781 - INFO - Saltando PS80: No procesable
2025-09-05 09:10:17,781 - INFO - Saltando PS81: No procesable
2025-09-05 09:10:17,781 - INFO - Saltando PS82: No procesable
2025-09-05 09:10:17,781 - INFO - Saltando PS83: No procesable
2025-09-05 09:10:17,781 - INFO - Saltando PS84: No procesable
2025-09-05 09:10:17,781 - INFO - Saltando PS85: No procesable
2025-09-05 09:10:17,781 - INFO - Saltando PS86: No procesable
2025-09-05 09:10:17,781 - INFO - Saltando PS87: No procesable
2025-09-05 09:10:17,782 - INFO - Saltando PS88: No procesable
2025-09-05 09:10:17,782 - INFO - Saltando PS89: No procesable
2025-09-05 09:10:17,782 - INFO - Saltando PS90: No procesable
2025-09-05 09:10:17,782 - INFO - Saltando PS91: No procesable
2025-09-05 09:10:17,782 - INFO - Saltando PS92: No procesable
2025-09-05 09:10:17,782 - INFO - Saltando PS93: No procesable
2025-09-05 09:10:17,782 - INFO - Saltando PS94: No procesable
2025-09-05 09:10:17,782 - INFO - Saltando PS95: No procesable
2025-09-05 09:10:17,782 - INFO - Saltando PS96: No procesable
2025-09-05 09:10:17,782 - INFO - Saltando PS97: No procesable
2025-09-05 09:10:17,782 - INFO - Saltando PS98: No procesable
2025-09-05 09:10:17,782 - INFO - Saltando PS99: No procesable
2025-09-05 09:10:17,783 - INFO - Saltando PS100: No procesable
2025-09-05 09:10:17,783 - INFO - Saltando PE1: No procesable
2025-09-05 09:10:17,783 - INFO - Saltando PE2: No procesable
2025-09-05 09:10:17,783 - INFO - Saltando PE3: No procesable
2025-09-05 09:10:17,783 - INFO - Saltando PE4: No procesable
2025-09-05 09:10:17,783 - INFO - Saltando PE5: No procesable
2025-09-05 09:10:17,783 - INFO - Saltando PE6: No procesable
2025-09-05 09:10:17,783 - INFO - Saltando PE7: No procesable
2025-09-05 09:10:17,783 - INFO - Saltando PE8: No procesable
2025-09-05 09:10:17,783 - INFO - Saltando PE9: No procesable
2025-09-05 09:10:17,783 - INFO - Saltando PE10: No procesable
2025-09-05 09:10:17,783 - INFO - Saltando PE11: No procesable
2025-09-05 09:10:17,783 - INFO - Saltando PE12: No procesable
2025-09-05 09:10:17,784 - INFO - Saltando PE13: No procesable
2025-09-05 09:10:17,784 - INFO - Saltando PE14: No procesable
2025-09-05 09:10:17,784 - INFO - Saltando PE15: No procesable
2025-09-05 09:10:17,784 - INFO - Saltando PE16: No procesable
2025-09-05 09:10:17,784 - INFO - Saltando PE17: No procesable
2025-09-05 09:10:17,784 - INFO - Saltando PE18: No procesable
2025-09-05 09:10:17,784 - INFO - Saltando PE19: No procesable
2025-09-05 09:10:17,784 - INFO - Saltando PE20: No procesable
2025-09-05 09:10:17,784 - INFO - Saltando PE21: No procesable
2025-09-05 09:10:17,784 - INFO - Saltando PE22: No procesable
2025-09-05 09:10:17,784 - INFO - Saltando PE23: No procesable
2025-09-05 09:10:17,784 - INFO - Saltando PE24: No procesable
2025-09-05 09:10:17,784 - INFO - Saltando PE25: No procesable
2025-09-05 09:10:17,784 - INFO - Saltando PE26: No procesable
2025-09-05 09:10:17,785 - INFO - Saltando PE27: No procesable
2025-09-05 09:10:17,785 - INFO - Calculando totales de complementos...
2025-09-05 09:10:17,873 - INFO - CS equiparados promedio: 15999.77
2025-09-05 09:10:17,873 - INFO - CE equiparados promedio: 32.63
2025-09-05 09:10:17,873 - INFO - Calculando columnas combinadas...
2025-09-05 09:10:17,874 - INFO - SB + Complementos Salariales equiparado promedio: 38309.34
2025-09-05 09:10:17,875 - INFO - SB + Complementos Total equiparado promedio: 38341.97
2025-09-05 09:10:17,875 - INFO - Complementos individuales procesados: 10
2025-09-05 09:10:17,875 - INFO - Procesamiento completado: (150, 282)
2025-09-05 09:10:17,875 - INFO - Creando reporte: REPORTE_DATOS registro retributivo_20250905_091017.xlsx
2025-09-05 09:10:18,640 - INFO - Reporte creado exitosamente: 0.14 MB
2025-09-05 09:10:18,640 - INFO - COMPLETADO: DATOS registro retributivo.xlsx en 7.6s
2025-09-05 09:10:18,641 - INFO - ============================================================
2025-09-05 09:10:18,641 - INFO - RESUMEN FINAL DEL PROCESAMIENTO
2025-09-05 09:10:18,641 - INFO - ============================================================
2025-09-05 09:10:18,641 - INFO - Archivos procesados exitosamente: 1
2025-09-05 09:10:18,641 - INFO - Archivos con errores: 0
2025-09-05 09:10:18,641 - INFO - Tiempo total de procesamiento: 7.6 segundos
2025-09-05 09:10:18,641 - INFO - 
Archivos exitosos:
2025-09-05 09:10:18,641 - INFO -   ✓ DATOS registro retributivo.xlsx → REPORTE_DATOS registro retributivo_20250905_091017.xlsx (150 registros)
2025-09-05 09:10:18,641 - INFO - Total de registros procesados: 150
2025-09-05 09:10:18,641 - INFO - MENSAJE USUARIO (INFO): ¡Procesamiento Exitoso! - ¡PROCESAMIENTO COMPLETADO EXITOSAMENTE!

⏱️  Tiempo total: 7.6 segundos
📊 Archivos procesados: 1
👥 Total de registros: 150

📁 Todos los reportes están guardados en:
C:\Users\juanf\Documentos\GitHub\EqualityMomentum\02_RESULTADOS

📋 Los logs están en:
C:\Users\juanf\Documentos\GitHub\EqualityMomentum\03_LOGS

✨ Puede revisar los resultados abriendo los archivos Excel generados.
